<?xml version="1.0" encoding="UTF-8"?>
<testsuite name="ComputerRepairRequestTest" tests="2" skipped="0" failures="0" errors="0" timestamp="2025-03-04T16:59:53" hostname="DESKTOP-CVNKGKB" time="0.03">
  <properties/>
  <testcase name="Test for ComputerRepairRequest" classname="ComputerRepairRequestTest" time="0.028"/>
  <testcase name="Test for ComputerRepairRequest setters" classname="ComputerRepairRequestTest" time="0.001"/>
  <system-out><![CDATA[]]></system-out>
  <system-err><![CDATA[]]></system-err>
</testsuite>
